2024-11-20 15:21:16,741+0000 INFO  [quartz-9-thread-3]  *SYSTEM org.sonatype.nexus.repository.content.tasks.normalize.NormalizeComponentVersionTask - Task information:
2024-11-20 15:21:16,750+0000 INFO  [quartz-9-thread-3]  *SYSTEM org.sonatype.nexus.repository.content.tasks.normalize.NormalizeComponentVersionTask -  ID: ee42dccb-ac56-41a1-a12a-190da500b233
2024-11-20 15:21:16,751+0000 INFO  [quartz-9-thread-3]  *SYSTEM org.sonatype.nexus.repository.content.tasks.normalize.NormalizeComponentVersionTask -  Type: component.normalize.version
2024-11-20 15:21:16,752+0000 INFO  [quartz-9-thread-3]  *SYSTEM org.sonatype.nexus.repository.content.tasks.normalize.NormalizeComponentVersionTask -  Name: Repair - Normalize component versions for retain-n
2024-11-20 15:21:16,753+0000 INFO  [quartz-9-thread-3]  *SYSTEM org.sonatype.nexus.repository.content.tasks.normalize.NormalizeComponentVersionTask -  Description: populate normalized_version column on {format}_component tables
2024-11-20 15:21:16,763+0000 INFO  [quartz-9-thread-3]  *SYSTEM org.sonatype.nexus.repository.content.tasks.normalize.NormalizeComponentVersionTask - normalizing cocoapods components version
2024-11-20 15:21:16,773+0000 INFO  [quartz-9-thread-3]  *SYSTEM org.sonatype.nexus.repository.content.tasks.normalize.NormalizeComponentVersionTask - found 0 unnormalized records on cocoapods components
2024-11-20 15:21:16,778+0000 INFO  [quartz-9-thread-3]  *SYSTEM org.sonatype.nexus.repository.content.tasks.normalize.NormalizeComponentVersionTask - normalizing p2 components version
2024-11-20 15:21:16,791+0000 INFO  [quartz-9-thread-3]  *SYSTEM org.sonatype.nexus.repository.content.tasks.normalize.NormalizeComponentVersionTask - found 0 unnormalized records on p2 components
2024-11-20 15:21:16,793+0000 INFO  [quartz-9-thread-3]  *SYSTEM org.sonatype.nexus.repository.content.tasks.normalize.NormalizeComponentVersionTask - normalizing apt components version
2024-11-20 15:21:16,801+0000 INFO  [quartz-9-thread-3]  *SYSTEM org.sonatype.nexus.repository.content.tasks.normalize.NormalizeComponentVersionTask - found 0 unnormalized records on apt components
2024-11-20 15:21:16,804+0000 INFO  [quartz-9-thread-3]  *SYSTEM org.sonatype.nexus.repository.content.tasks.normalize.NormalizeComponentVersionTask - normalizing gitlfs components version
2024-11-20 15:21:16,808+0000 INFO  [quartz-9-thread-3]  *SYSTEM org.sonatype.nexus.repository.content.tasks.normalize.NormalizeComponentVersionTask - found 0 unnormalized records on gitlfs components
2024-11-20 15:21:16,810+0000 INFO  [quartz-9-thread-3]  *SYSTEM org.sonatype.nexus.repository.content.tasks.normalize.NormalizeComponentVersionTask - normalizing go components version
2024-11-20 15:21:16,815+0000 INFO  [quartz-9-thread-3]  *SYSTEM org.sonatype.nexus.repository.content.tasks.normalize.NormalizeComponentVersionTask - found 0 unnormalized records on go components
2024-11-20 15:21:16,817+0000 INFO  [quartz-9-thread-3]  *SYSTEM org.sonatype.nexus.repository.content.tasks.normalize.NormalizeComponentVersionTask - normalizing conan components version
2024-11-20 15:21:16,822+0000 INFO  [quartz-9-thread-3]  *SYSTEM org.sonatype.nexus.repository.content.tasks.normalize.NormalizeComponentVersionTask - found 0 unnormalized records on conan components
2024-11-20 15:21:16,824+0000 INFO  [quartz-9-thread-3]  *SYSTEM org.sonatype.nexus.repository.content.tasks.normalize.NormalizeComponentVersionTask - normalizing raw components version
2024-11-20 15:21:16,828+0000 INFO  [quartz-9-thread-3]  *SYSTEM org.sonatype.nexus.repository.content.tasks.normalize.NormalizeComponentVersionTask - found 0 unnormalized records on raw components
2024-11-20 15:21:16,830+0000 INFO  [quartz-9-thread-3]  *SYSTEM org.sonatype.nexus.repository.content.tasks.normalize.NormalizeComponentVersionTask - normalizing maven2 components version
2024-11-20 15:21:16,834+0000 INFO  [quartz-9-thread-3]  *SYSTEM org.sonatype.nexus.repository.content.tasks.normalize.NormalizeComponentVersionTask - found 0 unnormalized records on maven2 components
2024-11-20 15:21:16,837+0000 INFO  [quartz-9-thread-3]  *SYSTEM org.sonatype.nexus.repository.content.tasks.normalize.NormalizeComponentVersionTask - normalizing npm components version
2024-11-20 15:21:16,843+0000 INFO  [quartz-9-thread-3]  *SYSTEM org.sonatype.nexus.repository.content.tasks.normalize.NormalizeComponentVersionTask - found 0 unnormalized records on npm components
2024-11-20 15:21:16,845+0000 INFO  [quartz-9-thread-3]  *SYSTEM org.sonatype.nexus.repository.content.tasks.normalize.NormalizeComponentVersionTask - normalizing nuget components version
2024-11-20 15:21:16,850+0000 INFO  [quartz-9-thread-3]  *SYSTEM org.sonatype.nexus.repository.content.tasks.normalize.NormalizeComponentVersionTask - found 0 unnormalized records on nuget components
2024-11-20 15:21:16,853+0000 INFO  [quartz-9-thread-3]  *SYSTEM org.sonatype.nexus.repository.content.tasks.normalize.NormalizeComponentVersionTask - normalizing rubygems components version
2024-11-20 15:21:16,859+0000 INFO  [quartz-9-thread-3]  *SYSTEM org.sonatype.nexus.repository.content.tasks.normalize.NormalizeComponentVersionTask - found 0 unnormalized records on rubygems components
2024-11-20 15:21:16,861+0000 INFO  [quartz-9-thread-3]  *SYSTEM org.sonatype.nexus.repository.content.tasks.normalize.NormalizeComponentVersionTask - normalizing helm components version
2024-11-20 15:21:16,866+0000 INFO  [quartz-9-thread-3]  *SYSTEM org.sonatype.nexus.repository.content.tasks.normalize.NormalizeComponentVersionTask - found 0 unnormalized records on helm components
2024-11-20 15:21:16,869+0000 INFO  [quartz-9-thread-3]  *SYSTEM org.sonatype.nexus.repository.content.tasks.normalize.NormalizeComponentVersionTask - normalizing docker components version
2024-11-20 15:21:16,874+0000 INFO  [quartz-9-thread-3]  *SYSTEM org.sonatype.nexus.repository.content.tasks.normalize.NormalizeComponentVersionTask - found 0 unnormalized records on docker components
2024-11-20 15:21:16,876+0000 INFO  [quartz-9-thread-3]  *SYSTEM org.sonatype.nexus.repository.content.tasks.normalize.NormalizeComponentVersionTask - normalizing yum components version
2024-11-20 15:21:16,882+0000 INFO  [quartz-9-thread-3]  *SYSTEM org.sonatype.nexus.repository.content.tasks.normalize.NormalizeComponentVersionTask - found 0 unnormalized records on yum components
2024-11-20 15:21:16,884+0000 INFO  [quartz-9-thread-3]  *SYSTEM org.sonatype.nexus.repository.content.tasks.normalize.NormalizeComponentVersionTask - normalizing r components version
2024-11-20 15:21:16,888+0000 INFO  [quartz-9-thread-3]  *SYSTEM org.sonatype.nexus.repository.content.tasks.normalize.NormalizeComponentVersionTask - found 0 unnormalized records on r components
2024-11-20 15:21:16,891+0000 INFO  [quartz-9-thread-3]  *SYSTEM org.sonatype.nexus.repository.content.tasks.normalize.NormalizeComponentVersionTask - normalizing pypi components version
2024-11-20 15:21:16,896+0000 INFO  [quartz-9-thread-3]  *SYSTEM org.sonatype.nexus.repository.content.tasks.normalize.NormalizeComponentVersionTask - found 0 unnormalized records on pypi components
2024-11-20 15:21:16,898+0000 INFO  [quartz-9-thread-3]  *SYSTEM org.sonatype.nexus.repository.content.tasks.normalize.NormalizeComponentVersionTask - normalizing conda components version
2024-11-20 15:21:16,903+0000 INFO  [quartz-9-thread-3]  *SYSTEM org.sonatype.nexus.repository.content.tasks.normalize.NormalizeComponentVersionTask - found 0 unnormalized records on conda components
2024-11-20 15:21:16,905+0000 INFO  [quartz-9-thread-3]  *SYSTEM org.sonatype.nexus.repository.content.tasks.normalize.NormalizeComponentVersionTask - Task complete
