2024-11-20 15:19:01,857+0000 INFO  [quartz-9-thread-3]  *SYSTEM org.sonatype.nexus.repository.content.tasks.normalize.NormalizeComponentVersionTask - Task information:
2024-11-20 15:19:01,864+0000 INFO  [quartz-9-thread-3]  *SYSTEM org.sonatype.nexus.repository.content.tasks.normalize.NormalizeComponentVersionTask -  ID: 7eb10762-a2bb-42a9-a996-a16aec520a7e
2024-11-20 15:19:01,865+0000 INFO  [quartz-9-thread-3]  *SYSTEM org.sonatype.nexus.repository.content.tasks.normalize.NormalizeComponentVersionTask -  Type: component.normalize.version
2024-11-20 15:19:01,866+0000 INFO  [quartz-9-thread-3]  *SYSTEM org.sonatype.nexus.repository.content.tasks.normalize.NormalizeComponentVersionTask -  Name: Repair - Normalize component versions for retain-n
2024-11-20 15:19:01,867+0000 INFO  [quartz-9-thread-3]  *SYSTEM org.sonatype.nexus.repository.content.tasks.normalize.NormalizeComponentVersionTask -  Description: populate normalized_version column on {format}_component tables
2024-11-20 15:19:01,872+0000 INFO  [quartz-9-thread-3]  *SYSTEM org.sonatype.nexus.repository.content.tasks.normalize.NormalizeComponentVersionTask - normalizing cocoapods components version
2024-11-20 15:19:01,879+0000 INFO  [quartz-9-thread-3]  *SYSTEM org.sonatype.nexus.repository.content.tasks.normalize.NormalizeComponentVersionTask - found 0 unnormalized records on cocoapods components
2024-11-20 15:19:01,883+0000 INFO  [quartz-9-thread-3]  *SYSTEM org.sonatype.nexus.repository.content.tasks.normalize.NormalizeComponentVersionTask - normalizing p2 components version
2024-11-20 15:19:01,887+0000 INFO  [quartz-9-thread-3]  *SYSTEM org.sonatype.nexus.repository.content.tasks.normalize.NormalizeComponentVersionTask - found 0 unnormalized records on p2 components
2024-11-20 15:19:01,889+0000 INFO  [quartz-9-thread-3]  *SYSTEM org.sonatype.nexus.repository.content.tasks.normalize.NormalizeComponentVersionTask - normalizing apt components version
2024-11-20 15:19:01,893+0000 INFO  [quartz-9-thread-3]  *SYSTEM org.sonatype.nexus.repository.content.tasks.normalize.NormalizeComponentVersionTask - found 0 unnormalized records on apt components
2024-11-20 15:19:01,895+0000 INFO  [quartz-9-thread-3]  *SYSTEM org.sonatype.nexus.repository.content.tasks.normalize.NormalizeComponentVersionTask - normalizing gitlfs components version
2024-11-20 15:19:01,899+0000 INFO  [quartz-9-thread-3]  *SYSTEM org.sonatype.nexus.repository.content.tasks.normalize.NormalizeComponentVersionTask - found 0 unnormalized records on gitlfs components
2024-11-20 15:19:01,900+0000 INFO  [quartz-9-thread-3]  *SYSTEM org.sonatype.nexus.repository.content.tasks.normalize.NormalizeComponentVersionTask - normalizing go components version
2024-11-20 15:19:01,903+0000 INFO  [quartz-9-thread-3]  *SYSTEM org.sonatype.nexus.repository.content.tasks.normalize.NormalizeComponentVersionTask - found 0 unnormalized records on go components
2024-11-20 15:19:01,906+0000 INFO  [quartz-9-thread-3]  *SYSTEM org.sonatype.nexus.repository.content.tasks.normalize.NormalizeComponentVersionTask - normalizing conan components version
2024-11-20 15:19:01,909+0000 INFO  [quartz-9-thread-3]  *SYSTEM org.sonatype.nexus.repository.content.tasks.normalize.NormalizeComponentVersionTask - found 0 unnormalized records on conan components
2024-11-20 15:19:01,911+0000 INFO  [quartz-9-thread-3]  *SYSTEM org.sonatype.nexus.repository.content.tasks.normalize.NormalizeComponentVersionTask - normalizing raw components version
2024-11-20 15:19:01,915+0000 INFO  [quartz-9-thread-3]  *SYSTEM org.sonatype.nexus.repository.content.tasks.normalize.NormalizeComponentVersionTask - found 0 unnormalized records on raw components
2024-11-20 15:19:01,916+0000 INFO  [quartz-9-thread-3]  *SYSTEM org.sonatype.nexus.repository.content.tasks.normalize.NormalizeComponentVersionTask - normalizing maven2 components version
2024-11-20 15:19:01,920+0000 INFO  [quartz-9-thread-3]  *SYSTEM org.sonatype.nexus.repository.content.tasks.normalize.NormalizeComponentVersionTask - found 0 unnormalized records on maven2 components
2024-11-20 15:19:01,923+0000 INFO  [quartz-9-thread-3]  *SYSTEM org.sonatype.nexus.repository.content.tasks.normalize.NormalizeComponentVersionTask - normalizing npm components version
2024-11-20 15:19:01,929+0000 INFO  [quartz-9-thread-3]  *SYSTEM org.sonatype.nexus.repository.content.tasks.normalize.NormalizeComponentVersionTask - found 0 unnormalized records on npm components
2024-11-20 15:19:01,931+0000 INFO  [quartz-9-thread-3]  *SYSTEM org.sonatype.nexus.repository.content.tasks.normalize.NormalizeComponentVersionTask - normalizing nuget components version
2024-11-20 15:19:01,935+0000 INFO  [quartz-9-thread-3]  *SYSTEM org.sonatype.nexus.repository.content.tasks.normalize.NormalizeComponentVersionTask - found 0 unnormalized records on nuget components
2024-11-20 15:19:01,937+0000 INFO  [quartz-9-thread-3]  *SYSTEM org.sonatype.nexus.repository.content.tasks.normalize.NormalizeComponentVersionTask - normalizing rubygems components version
2024-11-20 15:19:01,942+0000 INFO  [quartz-9-thread-3]  *SYSTEM org.sonatype.nexus.repository.content.tasks.normalize.NormalizeComponentVersionTask - found 0 unnormalized records on rubygems components
2024-11-20 15:19:01,944+0000 INFO  [quartz-9-thread-3]  *SYSTEM org.sonatype.nexus.repository.content.tasks.normalize.NormalizeComponentVersionTask - normalizing helm components version
2024-11-20 15:19:01,948+0000 INFO  [quartz-9-thread-3]  *SYSTEM org.sonatype.nexus.repository.content.tasks.normalize.NormalizeComponentVersionTask - found 0 unnormalized records on helm components
2024-11-20 15:19:01,950+0000 INFO  [quartz-9-thread-3]  *SYSTEM org.sonatype.nexus.repository.content.tasks.normalize.NormalizeComponentVersionTask - normalizing docker components version
2024-11-20 15:19:01,954+0000 INFO  [quartz-9-thread-3]  *SYSTEM org.sonatype.nexus.repository.content.tasks.normalize.NormalizeComponentVersionTask - found 0 unnormalized records on docker components
2024-11-20 15:19:01,956+0000 INFO  [quartz-9-thread-3]  *SYSTEM org.sonatype.nexus.repository.content.tasks.normalize.NormalizeComponentVersionTask - normalizing yum components version
2024-11-20 15:19:01,959+0000 INFO  [quartz-9-thread-3]  *SYSTEM org.sonatype.nexus.repository.content.tasks.normalize.NormalizeComponentVersionTask - found 0 unnormalized records on yum components
2024-11-20 15:19:01,961+0000 INFO  [quartz-9-thread-3]  *SYSTEM org.sonatype.nexus.repository.content.tasks.normalize.NormalizeComponentVersionTask - normalizing r components version
2024-11-20 15:19:01,965+0000 INFO  [quartz-9-thread-3]  *SYSTEM org.sonatype.nexus.repository.content.tasks.normalize.NormalizeComponentVersionTask - found 0 unnormalized records on r components
2024-11-20 15:19:01,967+0000 INFO  [quartz-9-thread-3]  *SYSTEM org.sonatype.nexus.repository.content.tasks.normalize.NormalizeComponentVersionTask - normalizing pypi components version
2024-11-20 15:19:01,971+0000 INFO  [quartz-9-thread-3]  *SYSTEM org.sonatype.nexus.repository.content.tasks.normalize.NormalizeComponentVersionTask - found 0 unnormalized records on pypi components
2024-11-20 15:19:01,974+0000 INFO  [quartz-9-thread-3]  *SYSTEM org.sonatype.nexus.repository.content.tasks.normalize.NormalizeComponentVersionTask - normalizing conda components version
2024-11-20 15:19:01,977+0000 INFO  [quartz-9-thread-3]  *SYSTEM org.sonatype.nexus.repository.content.tasks.normalize.NormalizeComponentVersionTask - found 0 unnormalized records on conda components
2024-11-20 15:19:01,979+0000 INFO  [quartz-9-thread-3]  *SYSTEM org.sonatype.nexus.repository.content.tasks.normalize.NormalizeComponentVersionTask - Task complete
